[INFO ] 2020-10-28 12:17:27.579 - 'I want to delete my tag' start
[INFO ] 2020-10-28 12:17:29.482 - GET request to /api/v3/tags has code response 200 and response body {"success":true,"data":[{"name":"Работа","id":"d559920f-9338-4b8b-aca2-8ae9b7d66bed"},{"name":"Здоровье и образ жизни","id":"6ec02ede-984a-4169-b3fa-8c67af8b3266"},{"name":"Учеба","id":"7c348dc5-3b66-4b8f-9bc0-40b1a0369c4e"},{"name":"Домашние дела","id":"fffbf85f-6d20-4dab-b2a7-eedb7c42cb72"},{"name":"Творчество","id":"e6c5b97c-2dd4-44cc-b416-abccdf4de7c1"},{"id":"c1fa8852-e3ac-47b8-bee5-14c47c852583","name":"Семья"}],"notifications":[],"userV":221,"appVersion":"4.166.1"}
[INFO ] 2020-10-28 12:17:30.545 - POST request with body {"name":"OneJava"} has code response 201 and response body {"success":true,"data":{"name":"OneJava","id":"2234787c-21d7-4471-b41a-793d9552bd4a"},"notifications":[],"userV":222,"appVersion":"4.166.1"}
[INFO ] 2020-10-28 12:17:30.794 - GET request to /api/v3/tags/2234787c-21d7-4471-b41a-793d9552bd4a has code response 200 and response body {"success":true,"data":{"name":"OneJava","id":"2234787c-21d7-4471-b41a-793d9552bd4a"},"notifications":[],"userV":222,"appVersion":"4.166.1"}
[INFO ] 2020-10-28 12:17:31.088 - GET request to /api/v3/tags/2234787c-21d7-4471-b41a-793d9552bd4a has code response 200 and response body {"success":true,"data":{"name":"OneJava","id":"2234787c-21d7-4471-b41a-793d9552bd4a"},"notifications":[],"userV":222,"appVersion":"4.166.1"}
[INFO ] 2020-10-28 12:17:31.339 - DELETE request to /api/v3/tags/2234787c-21d7-4471-b41a-793d9552bd4a has code response 200 has code response {"success":true,"data":{},"notifications":[],"userV":223,"appVersion":"4.166.1"}
[INFO ] 2020-10-28 12:17:31.873 - 'I want to delete my tag' finish 
[INFO ] 2020-10-28 12:17:31.940 - 'I want to delete my tag' start
[INFO ] 2020-10-28 12:17:32.199 - GET request to /api/v3/tags has code response 200 and response body {"success":true,"data":[{"name":"Работа","id":"d559920f-9338-4b8b-aca2-8ae9b7d66bed"},{"name":"Здоровье и образ жизни","id":"6ec02ede-984a-4169-b3fa-8c67af8b3266"},{"name":"Учеба","id":"7c348dc5-3b66-4b8f-9bc0-40b1a0369c4e"},{"name":"Домашние дела","id":"fffbf85f-6d20-4dab-b2a7-eedb7c42cb72"},{"name":"Творчество","id":"e6c5b97c-2dd4-44cc-b416-abccdf4de7c1"},{"id":"c1fa8852-e3ac-47b8-bee5-14c47c852583","name":"Семья"}],"notifications":[],"userV":223,"appVersion":"4.166.1"}
[INFO ] 2020-10-28 12:17:32.459 - POST request with body {"name":"TwoJava"} has code response 201 and response body {"success":true,"data":{"name":"TwoJava","id":"f27e63bd-1fab-40c5-9e5e-541070ee1076"},"notifications":[],"userV":224,"appVersion":"4.166.1"}
[INFO ] 2020-10-28 12:17:32.750 - GET request to /api/v3/tags/f27e63bd-1fab-40c5-9e5e-541070ee1076 has code response 200 and response body {"success":true,"data":{"name":"TwoJava","id":"f27e63bd-1fab-40c5-9e5e-541070ee1076"},"notifications":[],"userV":224,"appVersion":"4.166.1"}
[INFO ] 2020-10-28 12:17:32.981 - GET request to /api/v3/tags/f27e63bd-1fab-40c5-9e5e-541070ee1076 has code response 200 and response body {"success":true,"data":{"name":"TwoJava","id":"f27e63bd-1fab-40c5-9e5e-541070ee1076"},"notifications":[],"userV":224,"appVersion":"4.166.1"}
[INFO ] 2020-10-28 12:17:33.215 - DELETE request to /api/v3/tags/f27e63bd-1fab-40c5-9e5e-541070ee1076 has code response 200 has code response {"success":true,"data":{},"notifications":[],"userV":225,"appVersion":"4.166.1"}
[INFO ] 2020-10-28 12:17:33.246 - 'I want to delete my tag' finish 
[INFO ] 2020-10-28 12:17:33.254 - 'I want to see absent tag' start
[INFO ] 2020-10-28 12:17:33.460 - GET request to /api/v3/tags has code response 200 and response body {"success":true,"data":[{"name":"Работа","id":"d559920f-9338-4b8b-aca2-8ae9b7d66bed"},{"name":"Здоровье и образ жизни","id":"6ec02ede-984a-4169-b3fa-8c67af8b3266"},{"name":"Учеба","id":"7c348dc5-3b66-4b8f-9bc0-40b1a0369c4e"},{"name":"Домашние дела","id":"fffbf85f-6d20-4dab-b2a7-eedb7c42cb72"},{"name":"Творчество","id":"e6c5b97c-2dd4-44cc-b416-abccdf4de7c1"},{"id":"c1fa8852-e3ac-47b8-bee5-14c47c852583","name":"Семья"}],"notifications":[],"userV":225,"appVersion":"4.166.1"}
[INFO ] 2020-10-28 12:17:33.677 - GET request to /api/v3/tags/487a666c-aa3c-4767-86f2-796156ad67a6 has code response 404 and response body {"success":false,"error":"NotFound","message":"No tag item was found with given id."}
[INFO ] 2020-10-28 12:17:33.715 - 'I want to see absent tag' finish 
[INFO ] 2020-10-28 12:17:33.718 - 'I want to see absent tag' start
[INFO ] 2020-10-28 12:17:33.922 - GET request to /api/v3/tags has code response 200 and response body {"success":true,"data":[{"name":"Работа","id":"d559920f-9338-4b8b-aca2-8ae9b7d66bed"},{"name":"Здоровье и образ жизни","id":"6ec02ede-984a-4169-b3fa-8c67af8b3266"},{"name":"Учеба","id":"7c348dc5-3b66-4b8f-9bc0-40b1a0369c4e"},{"name":"Домашние дела","id":"fffbf85f-6d20-4dab-b2a7-eedb7c42cb72"},{"name":"Творчество","id":"e6c5b97c-2dd4-44cc-b416-abccdf4de7c1"},{"id":"c1fa8852-e3ac-47b8-bee5-14c47c852583","name":"Семья"}],"notifications":[],"userV":225,"appVersion":"4.166.1"}
[INFO ] 2020-10-28 12:17:34.166 - GET request to /api/v3/tags/487a666c-aa3c-4767-86f2-796156ad67a7 has code response 404 and response body {"success":false,"error":"NotFound","message":"No tag item was found with given id."}
[INFO ] 2020-10-28 12:17:34.180 - 'I want to see absent tag' finish 
